<?xml version="1.0" encoding="UTF-8"?>
<testng-results skipped="0" failed="0" ignored="0" total="1" passed="1">
  <reporter-output>
  </reporter-output>
  <suite name="Suite" duration-ms="22037" started-at="2019-05-02T11:34:14Z" finished-at="2019-05-02T11:34:37Z">
    <groups>
    </groups>
    <test name="script" duration-ms="22037" started-at="2019-05-02T11:34:14Z" finished-at="2019-05-02T11:34:37Z">
      <class name="example.script">
        <test-method status="PASS" signature="beforeClass()[pri:0, instance:example.script@4a87761d]" name="beforeClass" is-config="true" duration-ms="13983" started-at="2019-05-02T11:34:15Z" finished-at="2019-05-02T11:34:28Z">
          <reporter-output>
          </reporter-output>
        </test-method> <!-- beforeClass -->
        <test-method status="PASS" signature="Application()[pri:0, instance:example.script@4a87761d]" name="Application" duration-ms="4023" started-at="2019-05-02T11:34:29Z" finished-at="2019-05-02T11:34:33Z">
          <reporter-output>
          </reporter-output>
        </test-method> <!-- Application -->
        <test-method status="PASS" signature="afterClass()[pri:0, instance:example.script@4a87761d]" name="afterClass" is-config="true" duration-ms="3998" started-at="2019-05-02T11:34:33Z" finished-at="2019-05-02T11:34:37Z">
          <reporter-output>
          </reporter-output>
        </test-method> <!-- afterClass -->
      </class> <!-- example.script -->
    </test> <!-- script -->
  </suite> <!-- Suite -->
</testng-results>
